生成启动时间为 2017/3/14 14:29:16。
     1>项目“Z:\(伪)桌面\leetcode\1-two number\1-two number\1-two number.vcxproj”在节点 2 上(Build 个目标)。
     1>ClCompile:
         Z:\Visual Studio 2013\VC\bin\CL.exe /c /ZI /nologo /W3 /WX- /Od /Oy- /D WIN32 /D _DEBUG /D _CONSOLE /D _LIB /D _UNICODE /D UNICODE /Gm /EHsc /RTC1 /MDd /GS /fp:precise /Zc:wchar_t /Zc:forScope /Fo"Debug\\" /Fd"Debug\vc120.pdb" /Gd /TP /analyze- /errorReport:prompt "源.cpp"
         源.cpp
     1>z:\(伪)桌面\leetcode\1-two number\1-two number\源.cpp(25): warning C4996: 'freopen': This function or variable may be unsafe. Consider using freopen_s instead. To disable deprecation, use _CRT_SECURE_NO_WARNINGS. See online help for details.
                 z:\visual studio 2013\vc\include\stdio.h(226) : 参见“freopen”的声明
     1>z:\(伪)桌面\leetcode\1-two number\1-two number\源.cpp(27): warning C4996: 'scanf': This function or variable may be unsafe. Consider using scanf_s instead. To disable deprecation, use _CRT_SECURE_NO_WARNINGS. See online help for details.
                 z:\visual studio 2013\vc\include\stdio.h(283) : 参见“scanf”的声明
     1>z:\(伪)桌面\leetcode\1-two number\1-two number\源.cpp(30): warning C4996: 'scanf': This function or variable may be unsafe. Consider using scanf_s instead. To disable deprecation, use _CRT_SECURE_NO_WARNINGS. See online help for details.
                 z:\visual studio 2013\vc\include\stdio.h(283) : 参见“scanf”的声明
     1>z:\(伪)桌面\leetcode\1-two number\1-two number\源.cpp(33): warning C4996: 'scanf': This function or variable may be unsafe. Consider using scanf_s instead. To disable deprecation, use _CRT_SECURE_NO_WARNINGS. See online help for details.
                 z:\visual studio 2013\vc\include\stdio.h(283) : 参见“scanf”的声明
     1>z:\(伪)桌面\leetcode\1-two number\1-two number\源.cpp(59): warning C4018: “<”: 有符号/无符号不匹配
       Link:
         Z:\Visual Studio 2013\VC\bin\link.exe /ERRORREPORT:PROMPT /OUT:"Z:\(伪)桌面\leetcode\1-two number\Debug\1-two number.exe" /INCREMENTAL /NOLOGO kernel32.lib user32.lib gdi32.lib winspool.lib comdlg32.lib advapi32.lib shell32.lib ole32.lib oleaut32.lib uuid.lib odbc32.lib odbccp32.lib /MANIFEST /MANIFESTUAC:"level='asInvoker' uiAccess='false'" /manifest:embed /DEBUG /PDB:"Z:\(伪)桌面\leetcode\1-two number\Debug\1-two number.pdb" /SUBSYSTEM:CONSOLE /TLBID:1 /DYNAMICBASE /NXCOMPAT /IMPLIB:"Z:\(伪)桌面\leetcode\1-two number\Debug\1-two number.lib" /MACHINE:X86 "Debug\源.obj"
         1-two number.vcxproj -> Z:\(伪)桌面\leetcode\1-two number\Debug\1-two number.exe
     1>已完成生成项目“Z:\(伪)桌面\leetcode\1-two number\1-two number\1-two number.vcxproj”(Build 个目标)的操作。

生成成功。

已用时间 00:00:01.01
